2026-07-16 08:43:38 INFO  [SLF4JLogger:76] - Exception in monitor thread while connecting to server ac-t1ibgqq-shard-00-01.twnwfni.mongodb.net:27017
com.mongodb.MongoSocketException: ac-t1ibgqq-shard-00-01.twnwfni.mongodb.net
	at com.mongodb.internal.connection.ServerAddressHelper.getSocketAddresses(ServerAddressHelper.java:75)
	at com.mongodb.internal.connection.SocketStream.initializeSocket(SocketStream.java:100)
	at com.mongodb.internal.connection.SocketStream.open(SocketStream.java:79)
	at com.mongodb.internal.connection.InternalStreamConnection.open(InternalStreamConnection.java:233)
	at com.mongodb.internal.connection.DefaultServerMonitor$ServerMonitor.lookupServerDescription(DefaultServerMonitor.java:219)
	at com.mongodb.internal.connection.DefaultServerMonitor$ServerMonitor.run(DefaultServerMonitor.java:176)
Caused by: java.net.UnknownHostException: ac-t1ibgqq-shard-00-01.twnwfni.mongodb.net
	at java.base/java.net.InetAddress$CachedLookup.get(InetAddress.java:909)
	at java.base/java.net.InetAddress.getAllByName0(InetAddress.java:1702)
	at java.base/java.net.InetAddress.getAllByName(InetAddress.java:1582)
	at com.mongodb.internal.connection.DefaultInetAddressResolver.lookupByName(DefaultInetAddressResolver.java:34)
	at com.mongodb.internal.connection.ServerAddressHelper.getSocketAddresses(ServerAddressHelper.java:71)
	... 5 common frames omitted
2026-07-16 09:00:13 INFO  [SLF4JLogger:76] - Exception in monitor thread while connecting to server ac-t1ibgqq-shard-00-00.twnwfni.mongodb.net:27017
com.mongodb.MongoSocketException: ac-t1ibgqq-shard-00-00.twnwfni.mongodb.net
	at com.mongodb.internal.connection.ServerAddressHelper.getSocketAddresses(ServerAddressHelper.java:75)
	at com.mongodb.internal.connection.SocketStream.initializeSocket(SocketStream.java:100)
	at com.mongodb.internal.connection.SocketStream.open(SocketStream.java:79)
	at com.mongodb.internal.connection.InternalStreamConnection.open(InternalStreamConnection.java:233)
	at com.mongodb.internal.connection.DefaultServerMonitor$ServerMonitor.lookupServerDescription(DefaultServerMonitor.java:219)
	at com.mongodb.internal.connection.DefaultServerMonitor$ServerMonitor.run(DefaultServerMonitor.java:176)
Caused by: java.net.UnknownHostException: ac-t1ibgqq-shard-00-00.twnwfni.mongodb.net
	at java.base/java.net.InetAddress$CachedLookup.get(InetAddress.java:909)
	at java.base/java.net.InetAddress.getAllByName0(InetAddress.java:1702)
	at java.base/java.net.InetAddress.getAllByName(InetAddress.java:1582)
	at com.mongodb.internal.connection.DefaultInetAddressResolver.lookupByName(DefaultInetAddressResolver.java:34)
	at com.mongodb.internal.connection.ServerAddressHelper.getSocketAddresses(ServerAddressHelper.java:71)
	... 5 common frames omitted
2026-07-16 09:56:10 INFO  [SLF4JLogger:76] - Exception in monitor thread while connecting to server ac-t1ibgqq-shard-00-00.twnwfni.mongodb.net:27017
com.mongodb.MongoSocketException: ac-t1ibgqq-shard-00-00.twnwfni.mongodb.net: nodename nor servname provided, or not known
	at com.mongodb.internal.connection.ServerAddressHelper.getSocketAddresses(ServerAddressHelper.java:75)
	at com.mongodb.internal.connection.SocketStream.initializeSocket(SocketStream.java:100)
	at com.mongodb.internal.connection.SocketStream.open(SocketStream.java:79)
	at com.mongodb.internal.connection.InternalStreamConnection.open(InternalStreamConnection.java:233)
	at com.mongodb.internal.connection.DefaultServerMonitor$ServerMonitor.lookupServerDescription(DefaultServerMonitor.java:219)
	at com.mongodb.internal.connection.DefaultServerMonitor$ServerMonitor.run(DefaultServerMonitor.java:176)
Caused by: java.net.UnknownHostException: ac-t1ibgqq-shard-00-00.twnwfni.mongodb.net: nodename nor servname provided, or not known
	at java.base/java.net.Inet6AddressImpl.lookupAllHostAddr(Native Method)
	at java.base/java.net.Inet6AddressImpl.lookupAllHostAddr(Inet6AddressImpl.java:52)
	at java.base/java.net.InetAddress$PlatformResolver.lookupByName(InetAddress.java:1134)
	at java.base/java.net.InetAddress.getAddressesFromNameService(InetAddress.java:1712)
	at java.base/java.net.InetAddress$NameServiceAddresses.get(InetAddress.java:1060)
	at java.base/java.net.InetAddress.getAllByName0(InetAddress.java:1702)
	at java.base/java.net.InetAddress.getAllByName(InetAddress.java:1582)
	at com.mongodb.internal.connection.DefaultInetAddressResolver.lookupByName(DefaultInetAddressResolver.java:34)
	at com.mongodb.internal.connection.ServerAddressHelper.getSocketAddresses(ServerAddressHelper.java:71)
	... 5 common frames omitted
2026-07-16 09:56:20 INFO  [SLF4JLogger:76] - Exception in monitor thread while connecting to server ac-t1ibgqq-shard-00-01.twnwfni.mongodb.net:27017
com.mongodb.MongoSocketException: ac-t1ibgqq-shard-00-01.twnwfni.mongodb.net: nodename nor servname provided, or not known
	at com.mongodb.internal.connection.ServerAddressHelper.getSocketAddresses(ServerAddressHelper.java:75)
	at com.mongodb.internal.connection.SocketStream.initializeSocket(SocketStream.java:100)
	at com.mongodb.internal.connection.SocketStream.open(SocketStream.java:79)
	at com.mongodb.internal.connection.InternalStreamConnection.open(InternalStreamConnection.java:233)
	at com.mongodb.internal.connection.DefaultServerMonitor$ServerMonitor.lookupServerDescription(DefaultServerMonitor.java:219)
	at com.mongodb.internal.connection.DefaultServerMonitor$ServerMonitor.run(DefaultServerMonitor.java:176)
Caused by: java.net.UnknownHostException: ac-t1ibgqq-shard-00-01.twnwfni.mongodb.net: nodename nor servname provided, or not known
	at java.base/java.net.Inet6AddressImpl.lookupAllHostAddr(Native Method)
	at java.base/java.net.Inet6AddressImpl.lookupAllHostAddr(Inet6AddressImpl.java:52)
	at java.base/java.net.InetAddress$PlatformResolver.lookupByName(InetAddress.java:1134)
	at java.base/java.net.InetAddress.getAddressesFromNameService(InetAddress.java:1712)
	at java.base/java.net.InetAddress$NameServiceAddresses.get(InetAddress.java:1060)
	at java.base/java.net.InetAddress.getAllByName0(InetAddress.java:1702)
	at java.base/java.net.InetAddress.getAllByName(InetAddress.java:1582)
	at com.mongodb.internal.connection.DefaultInetAddressResolver.lookupByName(DefaultInetAddressResolver.java:34)
	at com.mongodb.internal.connection.ServerAddressHelper.getSocketAddresses(ServerAddressHelper.java:71)
	... 5 common frames omitted
2026-07-16 12:02:18 INFO  [SLF4JLogger:71] - Monitor thread successfully connected to server with description ServerDescription{address=ac-t1ibgqq-shard-00-01.twnwfni.mongodb.net:27017, type=REPLICA_SET_PRIMARY, cryptd=false, state=CONNECTED, ok=true, minWireVersion=0, maxWireVersion=25, maxDocumentSize=16777216, logicalSessionTimeoutMinutes=30, roundTripTimeNanos=183048917, minRoundTripTimeNanos=0, setName='atlas-coh77o-shard-0', canonicalAddress=ac-t1ibgqq-shard-00-01.twnwfni.mongodb.net:27017, hosts=[ac-t1ibgqq-shard-00-00.twnwfni.mongodb.net:27017, ac-t1ibgqq-shard-00-02.twnwfni.mongodb.net:27017, ac-t1ibgqq-shard-00-01.twnwfni.mongodb.net:27017], passives=[], arbiters=[], primary='ac-t1ibgqq-shard-00-01.twnwfni.mongodb.net:27017', tagSet=TagSet{[Tag{name='availabilityZone', value='aps1-az3'}, Tag{name='cacheState', value='READY'}, Tag{name='diskState', value='READY'}, Tag{name='nodeType', value='ELECTABLE'}, Tag{name='provider', value='AWS'}, Tag{name='region', value='AP_SOUTH_1'}, Tag{name='workloadType', value='OPERATIONAL'}]}, electionId=7fffffff000000000000003a, setVersion=20, topologyVersion=TopologyVersion{processId=6a57afacae29c877b6bc0ac1, counter=6}, lastWriteDate=Thu Jul 16 12:02:18 IST 2026, lastUpdateTimeNanos=59675754272875}
2026-07-16 12:02:18 INFO  [SLF4JLogger:71] - Discovered replica set primary ac-t1ibgqq-shard-00-01.twnwfni.mongodb.net:27017 with max election id 7fffffff000000000000003a and max set version 20
2026-07-16 12:05:17 INFO  [SLF4JLogger:71] - Monitor thread successfully connected to server with description ServerDescription{address=ac-t1ibgqq-shard-00-00.twnwfni.mongodb.net:27017, type=REPLICA_SET_SECONDARY, cryptd=false, state=CONNECTED, ok=true, minWireVersion=0, maxWireVersion=25, maxDocumentSize=16777216, logicalSessionTimeoutMinutes=30, roundTripTimeNanos=153113958, minRoundTripTimeNanos=0, setName='atlas-coh77o-shard-0', canonicalAddress=ac-t1ibgqq-shard-00-00.twnwfni.mongodb.net:27017, hosts=[ac-t1ibgqq-shard-00-00.twnwfni.mongodb.net:27017, ac-t1ibgqq-shard-00-02.twnwfni.mongodb.net:27017, ac-t1ibgqq-shard-00-01.twnwfni.mongodb.net:27017], passives=[], arbiters=[], primary='ac-t1ibgqq-shard-00-01.twnwfni.mongodb.net:27017', tagSet=TagSet{[Tag{name='availabilityZone', value='aps1-az1'}, Tag{name='cacheState', value='READY'}, Tag{name='diskState', value='READY'}, Tag{name='nodeType', value='ELECTABLE'}, Tag{name='provider', value='AWS'}, Tag{name='region', value='AP_SOUTH_1'}, Tag{name='workloadType', value='OPERATIONAL'}]}, electionId=null, setVersion=20, topologyVersion=TopologyVersion{processId=6a57ae673745cffc6cee7173, counter=4}, lastWriteDate=Thu Jul 16 12:05:16 IST 2026, lastUpdateTimeNanos=59688717000375}
2026-07-16 12:05:24 INFO  [SLF4JLogger:76] - Exception in monitor thread while connecting to server ac-t1ibgqq-shard-00-01.twnwfni.mongodb.net:27017
com.mongodb.MongoSocketReadTimeoutException: Timeout while receiving message
	at com.mongodb.internal.connection.InternalStreamConnection.createReadTimeoutException(InternalStreamConnection.java:819)
	at com.mongodb.internal.connection.InternalStreamConnection.translateReadException(InternalStreamConnection.java:807)
	at com.mongodb.internal.connection.InternalStreamConnection.receiveResponseBuffers(InternalStreamConnection.java:857)
	at com.mongodb.internal.connection.InternalStreamConnection.receiveCommandMessageResponse(InternalStreamConnection.java:517)
	at com.mongodb.internal.connection.InternalStreamConnection.receive(InternalStreamConnection.java:469)
	at com.mongodb.internal.connection.DefaultServerMonitor$ServerMonitor.lookupServerDescription(DefaultServerMonitor.java:249)
	at com.mongodb.internal.connection.DefaultServerMonitor$ServerMonitor.run(DefaultServerMonitor.java:176)
Caused by: java.net.SocketTimeoutException: Read timed out
	at java.base/sun.nio.ch.NioSocketImpl.timedRead(NioSocketImpl.java:277)
	at java.base/sun.nio.ch.NioSocketImpl.implRead(NioSocketImpl.java:302)
	at java.base/sun.nio.ch.NioSocketImpl.read(NioSocketImpl.java:354)
	at java.base/sun.nio.ch.NioSocketImpl$1.read(NioSocketImpl.java:798)
	at java.base/java.net.Socket$SocketInputStream.implRead(Socket.java:974)
	at java.base/java.net.Socket$SocketInputStream.read(Socket.java:964)
	at java.base/sun.security.ssl.SSLSocketInputRecord.read(SSLSocketInputRecord.java:489)
	at java.base/sun.security.ssl.SSLSocketInputRecord.readHeader(SSLSocketInputRecord.java:483)
	at java.base/sun.security.ssl.SSLSocketInputRecord.bytesInCompletePacket(SSLSocketInputRecord.java:70)
	at java.base/sun.security.ssl.SSLSocketImpl.readApplicationRecord(SSLSocketImpl.java:1461)
	at java.base/sun.security.ssl.SSLSocketImpl$AppInputStream.read(SSLSocketImpl.java:1068)
	at com.mongodb.internal.connection.SocketStream.read(SocketStream.java:182)
	at com.mongodb.internal.connection.InternalStreamConnection.receiveResponseBuffers(InternalStreamConnection.java:824)
	... 4 common frames omitted
2026-07-16 12:05:24 INFO  [SLF4JLogger:76] - Exception in monitor thread while connecting to server ac-t1ibgqq-shard-00-01.twnwfni.mongodb.net:27017
com.mongodb.MongoSocketOpenException: Exception opening socket
	at com.mongodb.internal.connection.SocketStream.lambda$open$0(SocketStream.java:85)
	at java.base/java.util.Optional.orElseThrow(Optional.java:403)
	at com.mongodb.internal.connection.SocketStream.open(SocketStream.java:85)
	at com.mongodb.internal.connection.InternalStreamConnection.open(InternalStreamConnection.java:233)
	at com.mongodb.internal.connection.DefaultServerMonitor$ServerMonitor.lookupServerDescription(DefaultServerMonitor.java:219)
	at com.mongodb.internal.connection.DefaultServerMonitor$ServerMonitor.run(DefaultServerMonitor.java:176)
Caused by: java.net.SocketException: Network is unreachable
	at java.base/sun.nio.ch.Net.connect0(Native Method)
	at java.base/sun.nio.ch.Net.connect(Net.java:546)
	at java.base/sun.nio.ch.Net.connect(Net.java:535)
	at java.base/sun.nio.ch.NioSocketImpl.connect(NioSocketImpl.java:585)
	at java.base/java.net.SocksSocketImpl.connect(SocksSocketImpl.java:284)
	at java.base/java.net.Socket.connect(Socket.java:659)
	at java.base/sun.security.ssl.SSLSocketImpl.connect(SSLSocketImpl.java:304)
	at com.mongodb.internal.connection.SocketStreamHelper.initialize(SocketStreamHelper.java:76)
	at com.mongodb.internal.connection.SocketStream.initializeSocket(SocketStream.java:104)
	at com.mongodb.internal.connection.SocketStream.open(SocketStream.java:79)
	... 3 common frames omitted
2026-07-16 12:05:37 INFO  [SLF4JLogger:76] - Exception in monitor thread while connecting to server ac-t1ibgqq-shard-00-00.twnwfni.mongodb.net:27017
com.mongodb.MongoSocketReadTimeoutException: Timeout while receiving message
	at com.mongodb.internal.connection.InternalStreamConnection.createReadTimeoutException(InternalStreamConnection.java:819)
	at com.mongodb.internal.connection.InternalStreamConnection.translateReadException(InternalStreamConnection.java:807)
	at com.mongodb.internal.connection.InternalStreamConnection.receiveResponseBuffers(InternalStreamConnection.java:857)
	at com.mongodb.internal.connection.InternalStreamConnection.receiveCommandMessageResponse(InternalStreamConnection.java:517)
	at com.mongodb.internal.connection.InternalStreamConnection.receive(InternalStreamConnection.java:469)
	at com.mongodb.internal.connection.DefaultServerMonitor$ServerMonitor.lookupServerDescription(DefaultServerMonitor.java:249)
	at com.mongodb.internal.connection.DefaultServerMonitor$ServerMonitor.run(DefaultServerMonitor.java:176)
Caused by: java.net.SocketTimeoutException: Read timed out
	at java.base/sun.nio.ch.NioSocketImpl.timedRead(NioSocketImpl.java:277)
	at java.base/sun.nio.ch.NioSocketImpl.implRead(NioSocketImpl.java:302)
	at java.base/sun.nio.ch.NioSocketImpl.read(NioSocketImpl.java:354)
	at java.base/sun.nio.ch.NioSocketImpl$1.read(NioSocketImpl.java:798)
	at java.base/java.net.Socket$SocketInputStream.implRead(Socket.java:974)
	at java.base/java.net.Socket$SocketInputStream.read(Socket.java:964)
	at java.base/sun.security.ssl.SSLSocketInputRecord.read(SSLSocketInputRecord.java:489)
	at java.base/sun.security.ssl.SSLSocketInputRecord.readHeader(SSLSocketInputRecord.java:483)
	at java.base/sun.security.ssl.SSLSocketInputRecord.bytesInCompletePacket(SSLSocketInputRecord.java:70)
	at java.base/sun.security.ssl.SSLSocketImpl.readApplicationRecord(SSLSocketImpl.java:1461)
	at java.base/sun.security.ssl.SSLSocketImpl$AppInputStream.read(SSLSocketImpl.java:1068)
	at com.mongodb.internal.connection.SocketStream.read(SocketStream.java:182)
	at com.mongodb.internal.connection.InternalStreamConnection.receiveResponseBuffers(InternalStreamConnection.java:824)
	... 4 common frames omitted
2026-07-16 12:05:39 INFO  [SLF4JLogger:71] - Monitor thread successfully connected to server with description ServerDescription{address=ac-t1ibgqq-shard-00-00.twnwfni.mongodb.net:27017, type=REPLICA_SET_SECONDARY, cryptd=false, state=CONNECTED, ok=true, minWireVersion=0, maxWireVersion=25, maxDocumentSize=16777216, logicalSessionTimeoutMinutes=30, roundTripTimeNanos=166305917, minRoundTripTimeNanos=0, setName='atlas-coh77o-shard-0', canonicalAddress=ac-t1ibgqq-shard-00-00.twnwfni.mongodb.net:27017, hosts=[ac-t1ibgqq-shard-00-00.twnwfni.mongodb.net:27017, ac-t1ibgqq-shard-00-02.twnwfni.mongodb.net:27017, ac-t1ibgqq-shard-00-01.twnwfni.mongodb.net:27017], passives=[], arbiters=[], primary='ac-t1ibgqq-shard-00-01.twnwfni.mongodb.net:27017', tagSet=TagSet{[Tag{name='availabilityZone', value='aps1-az1'}, Tag{name='cacheState', value='READY'}, Tag{name='diskState', value='READY'}, Tag{name='nodeType', value='ELECTABLE'}, Tag{name='provider', value='AWS'}, Tag{name='region', value='AP_SOUTH_1'}, Tag{name='workloadType', value='OPERATIONAL'}]}, electionId=null, setVersion=20, topologyVersion=TopologyVersion{processId=6a57ae673745cffc6cee7173, counter=4}, lastWriteDate=Thu Jul 16 12:05:39 IST 2026, lastUpdateTimeNanos=59710961362500}
2026-07-16 12:05:57 INFO  [SLF4JLogger:71] - Monitor thread successfully connected to server with description ServerDescription{address=ac-t1ibgqq-shard-00-02.twnwfni.mongodb.net:27017, type=REPLICA_SET_SECONDARY, cryptd=false, state=CONNECTED, ok=true, minWireVersion=0, maxWireVersion=25, maxDocumentSize=16777216, logicalSessionTimeoutMinutes=30, roundTripTimeNanos=275639709, minRoundTripTimeNanos=0, setName='atlas-coh77o-shard-0', canonicalAddress=ac-t1ibgqq-shard-00-02.twnwfni.mongodb.net:27017, hosts=[ac-t1ibgqq-shard-00-00.twnwfni.mongodb.net:27017, ac-t1ibgqq-shard-00-02.twnwfni.mongodb.net:27017, ac-t1ibgqq-shard-00-01.twnwfni.mongodb.net:27017], passives=[], arbiters=[], primary='ac-t1ibgqq-shard-00-01.twnwfni.mongodb.net:27017', tagSet=TagSet{[Tag{name='availabilityZone', value='aps1-az2'}, Tag{name='cacheState', value='READY'}, Tag{name='diskState', value='READY'}, Tag{name='nodeType', value='ELECTABLE'}, Tag{name='provider', value='AWS'}, Tag{name='region', value='AP_SOUTH_1'}, Tag{name='workloadType', value='OPERATIONAL'}]}, electionId=null, setVersion=20, topologyVersion=TopologyVersion{processId=6a57b1b50ebdb36f617f7cbb, counter=3}, lastWriteDate=Thu Jul 16 12:05:56 IST 2026, lastUpdateTimeNanos=59728844817791}
2026-07-16 12:05:59 INFO  [SLF4JLogger:71] - Monitor thread successfully connected to server with description ServerDescription{address=ac-t1ibgqq-shard-00-01.twnwfni.mongodb.net:27017, type=REPLICA_SET_PRIMARY, cryptd=false, state=CONNECTED, ok=true, minWireVersion=0, maxWireVersion=25, maxDocumentSize=16777216, logicalSessionTimeoutMinutes=30, roundTripTimeNanos=220328583, minRoundTripTimeNanos=0, setName='atlas-coh77o-shard-0', canonicalAddress=ac-t1ibgqq-shard-00-01.twnwfni.mongodb.net:27017, hosts=[ac-t1ibgqq-shard-00-00.twnwfni.mongodb.net:27017, ac-t1ibgqq-shard-00-02.twnwfni.mongodb.net:27017, ac-t1ibgqq-shard-00-01.twnwfni.mongodb.net:27017], passives=[], arbiters=[], primary='ac-t1ibgqq-shard-00-01.twnwfni.mongodb.net:27017', tagSet=TagSet{[Tag{name='availabilityZone', value='aps1-az3'}, Tag{name='cacheState', value='READY'}, Tag{name='diskState', value='READY'}, Tag{name='nodeType', value='ELECTABLE'}, Tag{name='provider', value='AWS'}, Tag{name='region', value='AP_SOUTH_1'}, Tag{name='workloadType', value='OPERATIONAL'}]}, electionId=7fffffff000000000000003a, setVersion=20, topologyVersion=TopologyVersion{processId=6a57afacae29c877b6bc0ac1, counter=6}, lastWriteDate=Thu Jul 16 12:05:59 IST 2026, lastUpdateTimeNanos=59731532917333}
2026-07-16 12:05:59 INFO  [SLF4JLogger:71] - Discovered replica set primary ac-t1ibgqq-shard-00-01.twnwfni.mongodb.net:27017 with max election id 7fffffff000000000000003a and max set version 20
2026-07-16 12:06:29 INFO  [GracefulShutdown:54] - Commencing graceful shutdown. Waiting for active requests to complete
2026-07-16 12:06:29 INFO  [GracefulShutdown:76] - Graceful shutdown complete
